<?xml version="1.0" encoding="UTF-8"?>
<!-- Generated by org.testng.reporters.JUnitXMLReporter -->
<testsuite ignored="0" hostname="DESKTOP-KKPJ5RQ" failures="0" tests="4" name="Default test" time="31.992" errors="0" timestamp="2024-05-04T14:00:14 IST">
  <testcase classname="HomeLyf.test.Customer" name="userLogin" time="12.86"/>
  <testcase classname="HomeLyf.test.Customer" name="customer_service" time="10.538"/>
  <testcase classname="HomeLyf.test.Customer" name="getUserLookupCategory" time="3.07"/>
  <testcase classname="HomeLyf.test.Customer" name="getSubCateogryId" time="1.375"/>
</testsuite> <!-- Default test -->
