<?xml version="1.0" encoding="UTF-8"?>
<!-- Generated by org.testng.reporters.JUnitXMLReporter -->
<testsuite ignored="4" hostname="Shreyonika" failures="0" tests="1" name="Test" time="4.271" errors="0" timestamp="2024-04-03T12:35:47 IST">
  <testcase classname="HomeLyf.test.User" name="sendEmailOTP" time="2.881"/>
  <testcase classname="HomeLyf.test.User" name="userLogin" time="0.0">
    <ignored/>
  </testcase> <!-- userLogin -->
  <testcase classname="HomeLyf.test.User" name="forgot_Pass" time="0.0">
    <ignored/>
  </testcase> <!-- forgot_Pass -->
  <testcase classname="HomeLyf.test.User" name="userSignUp" time="0.0">
    <ignored/>
  </testcase> <!-- userSignUp -->
  <testcase classname="HomeLyf.test.User" name="resetPass" time="0.0">
    <ignored/>
  </testcase> <!-- resetPass -->
</testsuite> <!-- Test -->
